<?xml version="1.0" encoding="UTF-8"?>
<!-- Generated by org.testng.reporters.JUnitXMLReporter -->
<testsuite hostname="Gopimanisri" failures="0" tests="4" name="Test" time="0.096" errors="0" timestamp="18 Oct 2021 09:49:03 GMT">
  <testcase classname="E2E.HomePage" name="@BeforeTest initialize" time="0.0">
    <failure type="java.io.FileNotFoundException" message="D:\Selenium\selenium-programs\E2EProject\src\main\java\E2E\data.properties (The system cannot find the path specified)">
      <![CDATA[java.io.FileNotFoundException: D:\Selenium\selenium-programs\E2EProject\src\main\java\E2E\data.properties (The system cannot find the path specified)
	at java.base/java.io.FileInputStream.open0(Native Method)
	at java.base/java.io.FileInputStream.open(FileInputStream.java:211)
	at java.base/java.io.FileInputStream.<init>(FileInputStream.java:153)
	at java.base/java.io.FileInputStream.<init>(FileInputStream.java:108)
	at resources.Base.initilizeDriver(Base.java:21)
	at E2E.HomePage.initialize(HomePage.java:22)
... Removed 22 stack frames]]>
    </failure>
  </testcase> <!-- @BeforeTest initialize -->
  <testcase classname="E2E.HomePage" name="@BeforeTest initialize" time="0.0">
    <skipped/>
  </testcase> <!-- @BeforeTest initialize -->
  <testcase classname="E2E.HomePage" name="@BeforeTest initialize" time="0.0">
    <skipped/>
  </testcase> <!-- @BeforeTest initialize -->
  <testcase classname="E2E.HomePage" name="@AfterTest teardown" time="0.0">
    <skipped/>
  </testcase> <!-- @AfterTest teardown -->
  <testcase classname="E2E.HomePage" name="@AfterTest teardown" time="0.0">
    <skipped/>
  </testcase> <!-- @AfterTest teardown -->
  <testcase classname="E2E.HomePage" name="@AfterTest teardown" time="0.0">
    <skipped/>
  </testcase> <!-- @AfterTest teardown -->
  <testcase classname="E2E.HomePage" name="basepageNavigation" time="0.002">
    <skipped/>
  </testcase> <!-- basepageNavigation -->
  <testcase classname="E2E.HomePage" name="basepageNavigation" time="0.003">
    <skipped/>
  </testcase> <!-- basepageNavigation -->
  <testcase classname="E2E.ValidateTitle" name="basepageNavigation" time="0.006">
    <skipped/>
  </testcase> <!-- basepageNavigation -->
  <testcase classname="E2E.ValidateNavigationBar" name="basepageNavigation" time="0.001">
    <skipped/>
  </testcase> <!-- basepageNavigation -->
</testsuite> <!-- Test -->
